The system is: Windows - 10.0.19044 - AMD64
Compiling the C compiler identification source file "CMakeCCompilerId.c" succeeded.
Compiler: D:/Program Files/Microsoft Visual Studio/2022/Community/VC/Tools/MSVC/14.35.32215/bin/Hostx86/x64/cl.exe 
Build flags: 
Id flags:  

The output was:
0
Microsoft (R) C/C++ wersja kompilatora optymalizującego 19.35.32217.1 dla x64
Copyright (C) Microsoft Corporation. Wszystkie prawa zastrzeżone.

CMakeCCompilerId.c
Microsoft (R) Incremental Linker Version 14.35.32217.1
Copyright (C) Microsoft Corporation.  All rights reserved.

/out:CMakeCCompilerId.exe 
CMakeCCompilerId.obj 


Compilation of the C compiler identification source "CMakeCCompilerId.c" produced "CMakeCCompilerId.exe"

Compilation of the C compiler identification source "CMakeCCompilerId.c" produced "CMakeCCompilerId.obj"

The C compiler identification is MSVC, found in "C:/Users/Dan/CLionProjects/MHE-Bin-Packing-Problem/cmake-build-debug/CMakeFiles/3.25.2/CompilerIdC/CMakeCCompilerId.exe"

Compiling the CXX compiler identification source file "CMakeCXXCompilerId.cpp" succeeded.
Compiler: D:/Program Files/Microsoft Visual Studio/2022/Community/VC/Tools/MSVC/14.35.32215/bin/Hostx86/x64/cl.exe 
Build flags: 
Id flags:  

The output was:
0
Microsoft (R) C/C++ wersja kompilatora optymalizującego 19.35.32217.1 dla x64
Copyright (C) Microsoft Corporation. Wszystkie prawa zastrzeżone.

CMakeCXXCompilerId.cpp
Microsoft (R) Incremental Linker Version 14.35.32217.1
Copyright (C) Microsoft Corporation.  All rights reserved.

/out:CMakeCXXCompilerId.exe 
CMakeCXXCompilerId.obj 


Compilation of the CXX compiler identification source "CMakeCXXCompilerId.cpp" produced "CMakeCXXCompilerId.exe"

Compilation of the CXX compiler identification source "CMakeCXXCompilerId.cpp" produced "CMakeCXXCompilerId.obj"

The CXX compiler identification is MSVC, found in "C:/Users/Dan/CLionProjects/MHE-Bin-Packing-Problem/cmake-build-debug/CMakeFiles/3.25.2/CompilerIdCXX/CMakeCXXCompilerId.exe"

Detecting C compiler ABI info compiled with the following output:
Change Dir: C:/Users/Dan/CLionProjects/MHE-Bin-Packing-Problem/cmake-build-debug/CMakeFiles/CMakeScratch/TryCompile-piopft

Run Build Command(s):nmake -f Makefile /nologo cmTC_e4693\fast && 	"D:\Program Files\Microsoft Visual Studio\2022\Community\VC\Tools\MSVC\14.35.32215\bin\HostX86\x64\nmake.exe"  -f CMakeFiles\cmTC_e4693.dir\build.make /nologo -L                  CMakeFiles\cmTC_e4693.dir\build
Building C object CMakeFiles/cmTC_e4693.dir/CMakeCCompilerABI.c.obj
	"C:\Program Files\JetBrains\CLion 2023.1.2\bin\cmake\win\x64\bin\cmake.exe" -E cmake_cl_compile_depends --dep-file=CMakeFiles\cmTC_e4693.dir\CMakeCCompilerABI.c.obj.d --working-dir=C:\Users\Dan\CLionProjects\MHE-Bin-Packing-Problem\cmake-build-debug\CMakeFiles\CMakeScratch\TryCompile-piopft --filter-prefix="Uwaga: w tym pliku:  " -- "D:\Program Files\Microsoft Visual Studio\2022\Community\VC\Tools\MSVC\14.35.32215\bin\Hostx86\x64\cl.exe" @C:\Users\Dan\AppData\Local\Temp\nmC3B.tmp
CMakeCCompilerABI.c
Linking C executable cmTC_e4693.exe
	"C:\Program Files\JetBrains\CLion 2023.1.2\bin\cmake\win\x64\bin\cmake.exe" -E vs_link_exe --intdir=CMakeFiles\cmTC_e4693.dir --rc=C:\PROGRA~2\WI3CF2~1\10\bin\100220~1.0\x86\rc.exe --mt=C:\PROGRA~2\WI3CF2~1\10\bin\100220~1.0\x86\mt.exe --manifests -- "D:\Program Files\Microsoft Visual Studio\2022\Community\VC\Tools\MSVC\14.35.32215\bin\Hostx86\x64\link.exe" /nologo @CMakeFiles\cmTC_e4693.dir\objects1 @C:\Users\Dan\AppData\Local\Temp\nmC7B.tmp



Detecting CXX compiler ABI info compiled with the following output:
Change Dir: C:/Users/Dan/CLionProjects/MHE-Bin-Packing-Problem/cmake-build-debug/CMakeFiles/CMakeScratch/TryCompile-wki8pf

Run Build Command(s):nmake -f Makefile /nologo cmTC_85542\fast && 	"D:\Program Files\Microsoft Visual Studio\2022\Community\VC\Tools\MSVC\14.35.32215\bin\HostX86\x64\nmake.exe"  -f CMakeFiles\cmTC_85542.dir\build.make /nologo -L                  CMakeFiles\cmTC_85542.dir\build
Building CXX object CMakeFiles/cmTC_85542.dir/CMakeCXXCompilerABI.cpp.obj
	"C:\Program Files\JetBrains\CLion 2023.1.2\bin\cmake\win\x64\bin\cmake.exe" -E cmake_cl_compile_depends --dep-file=CMakeFiles\cmTC_85542.dir\CMakeCXXCompilerABI.cpp.obj.d --working-dir=C:\Users\Dan\CLionProjects\MHE-Bin-Packing-Problem\cmake-build-debug\CMakeFiles\CMakeScratch\TryCompile-wki8pf --filter-prefix="Uwaga: w tym pliku:  " -- "D:\Program Files\Microsoft Visual Studio\2022\Community\VC\Tools\MSVC\14.35.32215\bin\Hostx86\x64\cl.exe" @C:\Users\Dan\AppData\Local\Temp\nmDE1.tmp
CMakeCXXCompilerABI.cpp
Linking CXX executable cmTC_85542.exe
	"C:\Program Files\JetBrains\CLion 2023.1.2\bin\cmake\win\x64\bin\cmake.exe" -E vs_link_exe --intdir=CMakeFiles\cmTC_85542.dir --rc=C:\PROGRA~2\WI3CF2~1\10\bin\100220~1.0\x86\rc.exe --mt=C:\PROGRA~2\WI3CF2~1\10\bin\100220~1.0\x86\mt.exe --manifests -- "D:\Program Files\Microsoft Visual Studio\2022\Community\VC\Tools\MSVC\14.35.32215\bin\Hostx86\x64\link.exe" /nologo @CMakeFiles\cmTC_85542.dir\objects1 @C:\Users\Dan\AppData\Local\Temp\nmE30.tmp



